<?xml version="1.0" encoding="UTF-8"?>
<testsuite xmlns:xsi="http://www.w3.org/2001/XMLSchema-instance" xsi:noNamespaceSchemaLocation="https://maven.apache.org/surefire/maven-surefire-plugin/xsd/surefire-test-report-3.0.xsd" version="3.0" name="TestSuite" time="175.671" tests="66" errors="0" skipped="0" failures="0">
  <properties>
    <property name="sun.desktop" value="gnome"/>
    <property name="awt.toolkit" value="sun.awt.X11.XToolkit"/>
    <property name="java.specification.version" value="11"/>
    <property name="sun.cpu.isalist" value=""/>
    <property name="sun.jnu.encoding" value="UTF-8"/>
    <property name="java.class.path" value="/media/bineet/Data/eclipse-workspace/E2ESeleniumAutomation/target/test-classes:/media/bineet/Data/eclipse-workspace/E2ESeleniumAutomation/target/classes:/home/bineet/.m2/repository/org/seleniumhq/selenium/selenium-java/3.141.59/selenium-java-3.141.59.jar:/home/bineet/.m2/repository/org/seleniumhq/selenium/selenium-api/3.141.59/selenium-api-3.141.59.jar:/home/bineet/.m2/repository/org/seleniumhq/selenium/selenium-chrome-driver/3.141.59/selenium-chrome-driver-3.141.59.jar:/home/bineet/.m2/repository/org/seleniumhq/selenium/selenium-edge-driver/3.141.59/selenium-edge-driver-3.141.59.jar:/home/bineet/.m2/repository/org/seleniumhq/selenium/selenium-firefox-driver/3.141.59/selenium-firefox-driver-3.141.59.jar:/home/bineet/.m2/repository/org/seleniumhq/selenium/selenium-ie-driver/3.141.59/selenium-ie-driver-3.141.59.jar:/home/bineet/.m2/repository/org/seleniumhq/selenium/selenium-opera-driver/3.141.59/selenium-opera-driver-3.141.59.jar:/home/bineet/.m2/repository/org/seleniumhq/selenium/selenium-remote-driver/3.141.59/selenium-remote-driver-3.141.59.jar:/home/bineet/.m2/repository/org/seleniumhq/selenium/selenium-safari-driver/3.141.59/selenium-safari-driver-3.141.59.jar:/home/bineet/.m2/repository/org/seleniumhq/selenium/selenium-support/3.141.59/selenium-support-3.141.59.jar:/home/bineet/.m2/repository/net/bytebuddy/byte-buddy/1.8.15/byte-buddy-1.8.15.jar:/home/bineet/.m2/repository/org/apache/commons/commons-exec/1.3/commons-exec-1.3.jar:/home/bineet/.m2/repository/com/google/guava/guava/25.0-jre/guava-25.0-jre.jar:/home/bineet/.m2/repository/com/google/code/findbugs/jsr305/1.3.9/jsr305-1.3.9.jar:/home/bineet/.m2/repository/org/checkerframework/checker-compat-qual/2.0.0/checker-compat-qual-2.0.0.jar:/home/bineet/.m2/repository/com/google/errorprone/error_prone_annotations/2.1.3/error_prone_annotations-2.1.3.jar:/home/bineet/.m2/repository/com/google/j2objc/j2objc-annotations/1.1/j2objc-annotations-1.1.jar:/home/bineet/.m2/repository/org/codehaus/mojo/animal-sniffer-annotations/1.14/animal-sniffer-annotations-1.14.jar:/home/bineet/.m2/repository/com/squareup/okhttp3/okhttp/3.11.0/okhttp-3.11.0.jar:/home/bineet/.m2/repository/com/squareup/okio/okio/1.14.0/okio-1.14.0.jar:/home/bineet/.m2/repository/org/testng/testng/7.3.0/testng-7.3.0.jar:/home/bineet/.m2/repository/com/beust/jcommander/1.78/jcommander-1.78.jar:/home/bineet/.m2/repository/org/apache/ant/ant/1.10.3/ant-1.10.3.jar:/home/bineet/.m2/repository/org/apache/ant/ant-launcher/1.10.3/ant-launcher-1.10.3.jar:/home/bineet/.m2/repository/junit/junit/4.12/junit-4.12.jar:/home/bineet/.m2/repository/org/hamcrest/hamcrest-core/1.3/hamcrest-core-1.3.jar:/home/bineet/.m2/repository/com/google/inject/guice/4.2.2/guice-4.2.2-no_aop.jar:/home/bineet/.m2/repository/javax/inject/javax.inject/1/javax.inject-1.jar:/home/bineet/.m2/repository/aopalliance/aopalliance/1.0/aopalliance-1.0.jar:/home/bineet/.m2/repository/org/yaml/snakeyaml/1.21/snakeyaml-1.21.jar:/home/bineet/.m2/repository/mysql/mysql-connector-java/8.0.27/mysql-connector-java-8.0.27.jar:/home/bineet/.m2/repository/com/google/protobuf/protobuf-java/3.11.4/protobuf-java-3.11.4.jar:/home/bineet/.m2/repository/com/fasterxml/jackson/core/jackson-core/2.13.0/jackson-core-2.13.0.jar:/home/bineet/.m2/repository/com/fasterxml/jackson/core/jackson-databind/2.13.0/jackson-databind-2.13.0.jar:/home/bineet/.m2/repository/com/fasterxml/jackson/core/jackson-annotations/2.13.0/jackson-annotations-2.13.0.jar:/home/bineet/.m2/repository/com/googlecode/json-simple/json-simple/1.1.1/json-simple-1.1.1.jar:/home/bineet/.m2/repository/com/google/code/gson/gson/2.8.9/gson-2.8.9.jar:/home/bineet/.m2/repository/org/apache/commons/commons-text/1.9/commons-text-1.9.jar:/home/bineet/.m2/repository/org/apache/commons/commons-lang3/3.11/commons-lang3-3.11.jar:/home/bineet/.m2/repository/com/github/docker-java/docker-java/3.0.14/docker-java-3.0.14.jar:/home/bineet/.m2/repository/com/fasterxml/jackson/jaxrs/jackson-jaxrs-json-provider/2.6.4/jackson-jaxrs-json-provider-2.6.4.jar:/home/bineet/.m2/repository/com/fasterxml/jackson/jaxrs/jackson-jaxrs-base/2.6.4/jackson-jaxrs-base-2.6.4.jar:/home/bineet/.m2/repository/com/fasterxml/jackson/module/jackson-module-jaxb-annotations/2.6.4/jackson-module-jaxb-annotations-2.6.4.jar:/home/bineet/.m2/repository/org/glassfish/jersey/connectors/jersey-apache-connector/2.23.1/jersey-apache-connector-2.23.1.jar:/home/bineet/.m2/repository/org/glassfish/jersey/core/jersey-common/2.23.1/jersey-common-2.23.1.jar:/home/bineet/.m2/repository/javax/annotation/javax.annotation-api/1.2/javax.annotation-api-1.2.jar:/home/bineet/.m2/repository/org/glassfish/jersey/bundles/repackaged/jersey-guava/2.23.1/jersey-guava-2.23.1.jar:/home/bineet/.m2/repository/org/glassfish/hk2/osgi-resource-locator/1.0.1/osgi-resource-locator-1.0.1.jar:/home/bineet/.m2/repository/javax/ws/rs/javax.ws.rs-api/2.0.1/javax.ws.rs-api-2.0.1.jar:/home/bineet/.m2/repository/org/apache/httpcomponents/httpcore/4.4.5/httpcore-4.4.5.jar:/home/bineet/.m2/repository/org/apache/httpcomponents/httpclient/4.5/httpclient-4.5.jar:/home/bineet/.m2/repository/org/glassfish/jersey/core/jersey-client/2.23.1/jersey-client-2.23.1.jar:/home/bineet/.m2/repository/org/glassfish/hk2/hk2-api/2.4.0-b34/hk2-api-2.4.0-b34.jar:/home/bineet/.m2/repository/org/glassfish/hk2/hk2-utils/2.4.0-b34/hk2-utils-2.4.0-b34.jar:/home/bineet/.m2/repository/org/glassfish/hk2/external/aopalliance-repackaged/2.4.0-b34/aopalliance-repackaged-2.4.0-b34.jar:/home/bineet/.m2/repository/org/glassfish/hk2/external/javax.inject/2.4.0-b34/javax.inject-2.4.0-b34.jar:/home/bineet/.m2/repository/org/glassfish/hk2/hk2-locator/2.4.0-b34/hk2-locator-2.4.0-b34.jar:/home/bineet/.m2/repository/org/javassist/javassist/3.18.1-GA/javassist-3.18.1-GA.jar:/home/bineet/.m2/repository/com/kohlschutter/junixsocket/junixsocket-common/2.0.4/junixsocket-common-2.0.4.jar:/home/bineet/.m2/repository/log4j/log4j/1.2.17/log4j-1.2.17.jar:/home/bineet/.m2/repository/com/kohlschutter/junixsocket/junixsocket-native-common/2.0.4/junixsocket-native-common-2.0.4.jar:/home/bineet/.m2/repository/org/scijava/native-lib-loader/2.0.2/native-lib-loader-2.0.2.jar:/home/bineet/.m2/repository/org/apache/commons/commons-compress/1.12/commons-compress-1.12.jar:/home/bineet/.m2/repository/commons-codec/commons-codec/1.10/commons-codec-1.10.jar:/home/bineet/.m2/repository/commons-lang/commons-lang/2.6/commons-lang-2.6.jar:/home/bineet/.m2/repository/commons-io/commons-io/2.5/commons-io-2.5.jar:/home/bineet/.m2/repository/org/slf4j/slf4j-api/1.7.21/slf4j-api-1.7.21.jar:/home/bineet/.m2/repository/org/slf4j/jcl-over-slf4j/1.7.21/jcl-over-slf4j-1.7.21.jar:/home/bineet/.m2/repository/org/bouncycastle/bcpkix-jdk15on/1.54/bcpkix-jdk15on-1.54.jar:/home/bineet/.m2/repository/org/bouncycastle/bcprov-jdk15on/1.54/bcprov-jdk15on-1.54.jar:/home/bineet/.m2/repository/io/netty/netty-codec-http/4.1.11.Final/netty-codec-http-4.1.11.Final.jar:/home/bineet/.m2/repository/io/netty/netty-codec/4.1.11.Final/netty-codec-4.1.11.Final.jar:/home/bineet/.m2/repository/io/netty/netty-handler/4.1.11.Final/netty-handler-4.1.11.Final.jar:/home/bineet/.m2/repository/io/netty/netty-buffer/4.1.11.Final/netty-buffer-4.1.11.Final.jar:/home/bineet/.m2/repository/io/netty/netty-transport/4.1.11.Final/netty-transport-4.1.11.Final.jar:/home/bineet/.m2/repository/io/netty/netty-resolver/4.1.11.Final/netty-resolver-4.1.11.Final.jar:/home/bineet/.m2/repository/io/netty/netty-handler-proxy/4.1.11.Final/netty-handler-proxy-4.1.11.Final.jar:/home/bineet/.m2/repository/io/netty/netty-codec-socks/4.1.11.Final/netty-codec-socks-4.1.11.Final.jar:/home/bineet/.m2/repository/io/netty/netty-transport-native-epoll/4.1.11.Final/netty-transport-native-epoll-4.1.11.Final-linux-x86_64.jar:/home/bineet/.m2/repository/io/netty/netty-common/4.1.11.Final/netty-common-4.1.11.Final.jar:/home/bineet/.m2/repository/io/netty/netty-transport-native-unix-common/4.1.11.Final/netty-transport-native-unix-common-4.1.11.Final.jar:/home/bineet/.m2/repository/io/netty/netty-transport-native-kqueue/4.1.11.Final/netty-transport-native-kqueue-4.1.11.Final-osx-x86_64.jar:"/>
    <property name="java.vm.vendor" value="Amazon.com Inc."/>
    <property name="sun.arch.data.model" value="64"/>
    <property name="java.vendor.url" value="https://aws.amazon.com/corretto/"/>
    <property name="user.timezone" value="Asia/Kolkata"/>
    <property name="java.vm.specification.version" value="11"/>
    <property name="os.name" value="Linux"/>
    <property name="sun.java.launcher" value="SUN_STANDARD"/>
    <property name="user.country" value="IN"/>
    <property name="sun.boot.library.path" value="/usr/lib/jvm/java-11-amazon-corretto/lib"/>
    <property name="sun.java.command" value="/media/bineet/Data/eclipse-workspace/E2ESeleniumAutomation/target/surefire/surefirebooter16485557985673408261.jar /media/bineet/Data/eclipse-workspace/E2ESeleniumAutomation/target/surefire 2021-11-01T18-38-37_556-jvmRun1 surefire2066129792080980020tmp surefire_09052062484392976236tmp"/>
    <property name="jdk.debug" value="release"/>
    <property name="surefire.test.class.path" value="/media/bineet/Data/eclipse-workspace/E2ESeleniumAutomation/target/test-classes:/media/bineet/Data/eclipse-workspace/E2ESeleniumAutomation/target/classes:/home/bineet/.m2/repository/org/seleniumhq/selenium/selenium-java/3.141.59/selenium-java-3.141.59.jar:/home/bineet/.m2/repository/org/seleniumhq/selenium/selenium-api/3.141.59/selenium-api-3.141.59.jar:/home/bineet/.m2/repository/org/seleniumhq/selenium/selenium-chrome-driver/3.141.59/selenium-chrome-driver-3.141.59.jar:/home/bineet/.m2/repository/org/seleniumhq/selenium/selenium-edge-driver/3.141.59/selenium-edge-driver-3.141.59.jar:/home/bineet/.m2/repository/org/seleniumhq/selenium/selenium-firefox-driver/3.141.59/selenium-firefox-driver-3.141.59.jar:/home/bineet/.m2/repository/org/seleniumhq/selenium/selenium-ie-driver/3.141.59/selenium-ie-driver-3.141.59.jar:/home/bineet/.m2/repository/org/seleniumhq/selenium/selenium-opera-driver/3.141.59/selenium-opera-driver-3.141.59.jar:/home/bineet/.m2/repository/org/seleniumhq/selenium/selenium-remote-driver/3.141.59/selenium-remote-driver-3.141.59.jar:/home/bineet/.m2/repository/org/seleniumhq/selenium/selenium-safari-driver/3.141.59/selenium-safari-driver-3.141.59.jar:/home/bineet/.m2/repository/org/seleniumhq/selenium/selenium-support/3.141.59/selenium-support-3.141.59.jar:/home/bineet/.m2/repository/net/bytebuddy/byte-buddy/1.8.15/byte-buddy-1.8.15.jar:/home/bineet/.m2/repository/org/apache/commons/commons-exec/1.3/commons-exec-1.3.jar:/home/bineet/.m2/repository/com/google/guava/guava/25.0-jre/guava-25.0-jre.jar:/home/bineet/.m2/repository/com/google/code/findbugs/jsr305/1.3.9/jsr305-1.3.9.jar:/home/bineet/.m2/repository/org/checkerframework/checker-compat-qual/2.0.0/checker-compat-qual-2.0.0.jar:/home/bineet/.m2/repository/com/google/errorprone/error_prone_annotations/2.1.3/error_prone_annotations-2.1.3.jar:/home/bineet/.m2/repository/com/google/j2objc/j2objc-annotations/1.1/j2objc-annotations-1.1.jar:/home/bineet/.m2/repository/org/codehaus/mojo/animal-sniffer-annotations/1.14/animal-sniffer-annotations-1.14.jar:/home/bineet/.m2/repository/com/squareup/okhttp3/okhttp/3.11.0/okhttp-3.11.0.jar:/home/bineet/.m2/repository/com/squareup/okio/okio/1.14.0/okio-1.14.0.jar:/home/bineet/.m2/repository/org/testng/testng/7.3.0/testng-7.3.0.jar:/home/bineet/.m2/repository/com/beust/jcommander/1.78/jcommander-1.78.jar:/home/bineet/.m2/repository/org/apache/ant/ant/1.10.3/ant-1.10.3.jar:/home/bineet/.m2/repository/org/apache/ant/ant-launcher/1.10.3/ant-launcher-1.10.3.jar:/home/bineet/.m2/repository/junit/junit/4.12/junit-4.12.jar:/home/bineet/.m2/repository/org/hamcrest/hamcrest-core/1.3/hamcrest-core-1.3.jar:/home/bineet/.m2/repository/com/google/inject/guice/4.2.2/guice-4.2.2-no_aop.jar:/home/bineet/.m2/repository/javax/inject/javax.inject/1/javax.inject-1.jar:/home/bineet/.m2/repository/aopalliance/aopalliance/1.0/aopalliance-1.0.jar:/home/bineet/.m2/repository/org/yaml/snakeyaml/1.21/snakeyaml-1.21.jar:/home/bineet/.m2/repository/mysql/mysql-connector-java/8.0.27/mysql-connector-java-8.0.27.jar:/home/bineet/.m2/repository/com/google/protobuf/protobuf-java/3.11.4/protobuf-java-3.11.4.jar:/home/bineet/.m2/repository/com/fasterxml/jackson/core/jackson-core/2.13.0/jackson-core-2.13.0.jar:/home/bineet/.m2/repository/com/fasterxml/jackson/core/jackson-databind/2.13.0/jackson-databind-2.13.0.jar:/home/bineet/.m2/repository/com/fasterxml/jackson/core/jackson-annotations/2.13.0/jackson-annotations-2.13.0.jar:/home/bineet/.m2/repository/com/googlecode/json-simple/json-simple/1.1.1/json-simple-1.1.1.jar:/home/bineet/.m2/repository/com/google/code/gson/gson/2.8.9/gson-2.8.9.jar:/home/bineet/.m2/repository/org/apache/commons/commons-text/1.9/commons-text-1.9.jar:/home/bineet/.m2/repository/org/apache/commons/commons-lang3/3.11/commons-lang3-3.11.jar:/home/bineet/.m2/repository/com/github/docker-java/docker-java/3.0.14/docker-java-3.0.14.jar:/home/bineet/.m2/repository/com/fasterxml/jackson/jaxrs/jackson-jaxrs-json-provider/2.6.4/jackson-jaxrs-json-provider-2.6.4.jar:/home/bineet/.m2/repository/com/fasterxml/jackson/jaxrs/jackson-jaxrs-base/2.6.4/jackson-jaxrs-base-2.6.4.jar:/home/bineet/.m2/repository/com/fasterxml/jackson/module/jackson-module-jaxb-annotations/2.6.4/jackson-module-jaxb-annotations-2.6.4.jar:/home/bineet/.m2/repository/org/glassfish/jersey/connectors/jersey-apache-connector/2.23.1/jersey-apache-connector-2.23.1.jar:/home/bineet/.m2/repository/org/glassfish/jersey/core/jersey-common/2.23.1/jersey-common-2.23.1.jar:/home/bineet/.m2/repository/javax/annotation/javax.annotation-api/1.2/javax.annotation-api-1.2.jar:/home/bineet/.m2/repository/org/glassfish/jersey/bundles/repackaged/jersey-guava/2.23.1/jersey-guava-2.23.1.jar:/home/bineet/.m2/repository/org/glassfish/hk2/osgi-resource-locator/1.0.1/osgi-resource-locator-1.0.1.jar:/home/bineet/.m2/repository/javax/ws/rs/javax.ws.rs-api/2.0.1/javax.ws.rs-api-2.0.1.jar:/home/bineet/.m2/repository/org/apache/httpcomponents/httpcore/4.4.5/httpcore-4.4.5.jar:/home/bineet/.m2/repository/org/apache/httpcomponents/httpclient/4.5/httpclient-4.5.jar:/home/bineet/.m2/repository/org/glassfish/jersey/core/jersey-client/2.23.1/jersey-client-2.23.1.jar:/home/bineet/.m2/repository/org/glassfish/hk2/hk2-api/2.4.0-b34/hk2-api-2.4.0-b34.jar:/home/bineet/.m2/repository/org/glassfish/hk2/hk2-utils/2.4.0-b34/hk2-utils-2.4.0-b34.jar:/home/bineet/.m2/repository/org/glassfish/hk2/external/aopalliance-repackaged/2.4.0-b34/aopalliance-repackaged-2.4.0-b34.jar:/home/bineet/.m2/repository/org/glassfish/hk2/external/javax.inject/2.4.0-b34/javax.inject-2.4.0-b34.jar:/home/bineet/.m2/repository/org/glassfish/hk2/hk2-locator/2.4.0-b34/hk2-locator-2.4.0-b34.jar:/home/bineet/.m2/repository/org/javassist/javassist/3.18.1-GA/javassist-3.18.1-GA.jar:/home/bineet/.m2/repository/com/kohlschutter/junixsocket/junixsocket-common/2.0.4/junixsocket-common-2.0.4.jar:/home/bineet/.m2/repository/log4j/log4j/1.2.17/log4j-1.2.17.jar:/home/bineet/.m2/repository/com/kohlschutter/junixsocket/junixsocket-native-common/2.0.4/junixsocket-native-common-2.0.4.jar:/home/bineet/.m2/repository/org/scijava/native-lib-loader/2.0.2/native-lib-loader-2.0.2.jar:/home/bineet/.m2/repository/org/apache/commons/commons-compress/1.12/commons-compress-1.12.jar:/home/bineet/.m2/repository/commons-codec/commons-codec/1.10/commons-codec-1.10.jar:/home/bineet/.m2/repository/commons-lang/commons-lang/2.6/commons-lang-2.6.jar:/home/bineet/.m2/repository/commons-io/commons-io/2.5/commons-io-2.5.jar:/home/bineet/.m2/repository/org/slf4j/slf4j-api/1.7.21/slf4j-api-1.7.21.jar:/home/bineet/.m2/repository/org/slf4j/jcl-over-slf4j/1.7.21/jcl-over-slf4j-1.7.21.jar:/home/bineet/.m2/repository/org/bouncycastle/bcpkix-jdk15on/1.54/bcpkix-jdk15on-1.54.jar:/home/bineet/.m2/repository/org/bouncycastle/bcprov-jdk15on/1.54/bcprov-jdk15on-1.54.jar:/home/bineet/.m2/repository/io/netty/netty-codec-http/4.1.11.Final/netty-codec-http-4.1.11.Final.jar:/home/bineet/.m2/repository/io/netty/netty-codec/4.1.11.Final/netty-codec-4.1.11.Final.jar:/home/bineet/.m2/repository/io/netty/netty-handler/4.1.11.Final/netty-handler-4.1.11.Final.jar:/home/bineet/.m2/repository/io/netty/netty-buffer/4.1.11.Final/netty-buffer-4.1.11.Final.jar:/home/bineet/.m2/repository/io/netty/netty-transport/4.1.11.Final/netty-transport-4.1.11.Final.jar:/home/bineet/.m2/repository/io/netty/netty-resolver/4.1.11.Final/netty-resolver-4.1.11.Final.jar:/home/bineet/.m2/repository/io/netty/netty-handler-proxy/4.1.11.Final/netty-handler-proxy-4.1.11.Final.jar:/home/bineet/.m2/repository/io/netty/netty-codec-socks/4.1.11.Final/netty-codec-socks-4.1.11.Final.jar:/home/bineet/.m2/repository/io/netty/netty-transport-native-epoll/4.1.11.Final/netty-transport-native-epoll-4.1.11.Final-linux-x86_64.jar:/home/bineet/.m2/repository/io/netty/netty-common/4.1.11.Final/netty-common-4.1.11.Final.jar:/home/bineet/.m2/repository/io/netty/netty-transport-native-unix-common/4.1.11.Final/netty-transport-native-unix-common-4.1.11.Final.jar:/home/bineet/.m2/repository/io/netty/netty-transport-native-kqueue/4.1.11.Final/netty-transport-native-kqueue-4.1.11.Final-osx-x86_64.jar:"/>
    <property name="sun.cpu.endian" value="little"/>
    <property name="user.home" value="/home/bineet"/>
    <property name="user.language" value="en"/>
    <property name="java.specification.vendor" value="Oracle Corporation"/>
    <property name="java.version.date" value="2021-10-19"/>
    <property name="java.home" value="/usr/lib/jvm/java-11-amazon-corretto"/>
    <property name="file.separator" value="/"/>
    <property name="basedir" value="/media/bineet/Data/eclipse-workspace/E2ESeleniumAutomation"/>
    <property name="java.vm.compressedOopsMode" value="Zero based"/>
    <property name="line.separator" value="&#10;"/>
    <property name="java.specification.name" value="Java Platform API Specification"/>
    <property name="java.vm.specification.vendor" value="Oracle Corporation"/>
    <property name="java.awt.graphicsenv" value="sun.awt.X11GraphicsEnvironment"/>
    <property name="surefire.real.class.path" value="/media/bineet/Data/eclipse-workspace/E2ESeleniumAutomation/target/surefire/surefirebooter16485557985673408261.jar"/>
    <property name="sun.management.compiler" value="HotSpot 64-Bit Tiered Compilers"/>
    <property name="java.runtime.version" value="11.0.13+8-LTS"/>
    <property name="user.name" value="bineet"/>
    <property name="path.separator" value=":"/>
    <property name="os.version" value="5.13.0-20-generic"/>
    <property name="java.runtime.name" value="OpenJDK Runtime Environment"/>
    <property name="file.encoding" value="UTF-8"/>
    <property name="java.vm.name" value="OpenJDK 64-Bit Server VM"/>
    <property name="java.vendor.version" value="Corretto-11.0.13.8.1"/>
    <property name="localRepository" value="/home/bineet/.m2/repository"/>
    <property name="java.vendor.url.bug" value="https://github.com/corretto/corretto-11/issues/"/>
    <property name="java.io.tmpdir" value="/tmp"/>
    <property name="java.version" value="11.0.13"/>
    <property name="user.dir" value="/media/bineet/Data/eclipse-workspace/E2ESeleniumAutomation"/>
    <property name="os.arch" value="amd64"/>
    <property name="java.vm.specification.name" value="Java Virtual Machine Specification"/>
    <property name="java.awt.printerjob" value="sun.print.PSPrinterJob"/>
    <property name="sun.os.patch.level" value="unknown"/>
    <property name="java.library.path" value="/usr/java/packages/lib:/usr/lib64:/lib64:/lib:/usr/lib"/>
    <property name="java.vm.info" value="mixed mode"/>
    <property name="java.vendor" value="Amazon.com Inc."/>
    <property name="java.vm.version" value="11.0.13+8-LTS"/>
    <property name="sun.io.unicode.encoding" value="UnicodeLittle"/>
    <property name="java.class.version" value="55.0"/>
  </properties>
  <testcase name="ClickOnCheckboxes" classname="com.selenium.app.AppTest3" time="1.075">
    <system-err><![CDATA[Nov 01, 2021 6:38:56 PM org.openqa.selenium.remote.ProtocolHandshake createSession
INFO: Detected dialect: W3C
Nov 01, 2021 6:38:56 PM org.openqa.selenium.remote.ProtocolHandshake createSession
INFO: Detected dialect: W3C
Nov 01, 2021 6:38:56 PM org.openqa.selenium.remote.ProtocolHandshake createSession
INFO: Detected dialect: W3C
Nov 01, 2021 6:38:56 PM org.openqa.selenium.remote.ProtocolHandshake createSession
INFO: Detected dialect: W3C
Nov 01, 2021 6:38:56 PM org.openqa.selenium.remote.ProtocolHandshake createSession
INFO: Detected dialect: W3C
Nov 01, 2021 6:38:56 PM org.openqa.selenium.remote.ProtocolHandshake createSession
INFO: Detected dialect: W3C
]]></system-err>
  </testcase>
  <testcase name="ClickOnCheckboxes" classname="com.selenium.app.AppTest3" time="0.054"/>
  <testcase name="ClickOnCheckboxes" classname="com.selenium.app.AppTest3" time="0.074"/>
  <testcase name="ClickOnCheckboxes" classname="com.selenium.app.AppTest3" time="0.462"/>
  <testcase name="ClickOnCheckboxes" classname="com.selenium.app.AppTest3" time="0"/>
  <testcase name="ClickOnCheckboxes" classname="com.selenium.app.AppTest3" time="0.008"/>
  <testcase name="ClickOnCheckboxes" classname="com.selenium.app.AppTest3" time="0.022"/>
  <testcase name="ClickOnCheckboxes" classname="com.selenium.app.AppTest3" time="1.458"/>
  <testcase name="ClickOnCheckboxes" classname="com.selenium.app.AppTest3" time="0.073"/>
  <testcase name="ClickOnCheckboxes" classname="com.selenium.app.AppTest3" time="0.499"/>
  <testcase name="ClickOnRadioButtons" classname="com.selenium.app.AppTest3" time="0.112"/>
  <testcase name="ClickOnCheckboxes" classname="com.selenium.app.AppTest2" time="1.075"/>
  <testcase name="ClickOnCheckboxes" classname="com.selenium.app.AppTest2" time="0.108"/>
  <testcase name="ClickOnCheckboxes" classname="com.selenium.app.AppTest2" time="0.374"/>
  <testcase name="ClickOnCheckboxes" classname="com.selenium.app.AppTest2" time="3.495"/>
  <testcase name="ClickOnCheckboxes" classname="com.selenium.app.AppTest2" time="3.984"/>
  <testcase name="ClickOnCheckboxes" classname="com.selenium.app.AppTest2" time="0.119"/>
  <testcase name="ClickOnCheckboxes" classname="com.selenium.app.AppTest2" time="0.115"/>
  <testcase name="ClickOnCheckboxes" classname="com.selenium.app.AppTest2" time="1.119"/>
  <testcase name="ClickOnCheckboxes" classname="com.selenium.app.AppTest2" time="0.085"/>
  <testcase name="ClickOnCheckboxes" classname="com.selenium.app.AppTest2" time="1.122"/>
  <testcase name="ClickOnRadioButtons" classname="com.selenium.app.AppTest2" time="0.485"/>
  <testcase name="ClickOnCheckboxes" classname="com.selenium.app.AppTest5" time="1.265"/>
  <testcase name="ClickOnCheckboxes" classname="com.selenium.app.AppTest5" time="0.031"/>
  <testcase name="ClickOnCheckboxes" classname="com.selenium.app.AppTest5" time="0.023"/>
  <testcase name="ClickOnCheckboxes" classname="com.selenium.app.AppTest5" time="0.002"/>
  <testcase name="ClickOnCheckboxes" classname="com.selenium.app.AppTest5" time="0.216"/>
  <testcase name="ClickOnCheckboxes" classname="com.selenium.app.AppTest5" time="0.095"/>
  <testcase name="ClickOnCheckboxes" classname="com.selenium.app.AppTest5" time="0.007"/>
  <testcase name="ClickOnCheckboxes" classname="com.selenium.app.AppTest5" time="0.117"/>
  <testcase name="ClickOnCheckboxes" classname="com.selenium.app.AppTest5" time="0.306"/>
  <testcase name="ClickOnCheckboxes" classname="com.selenium.app.AppTest5" time="0.078"/>
  <testcase name="ClickOnRadioButtons" classname="com.selenium.app.AppTest5" time="0.116"/>
  <testcase name="ClickOnCheckboxes" classname="com.selenium.app.AppTest4" time="0.122"/>
  <testcase name="ClickOnCheckboxes" classname="com.selenium.app.AppTest4" time="0.279"/>
  <testcase name="ClickOnCheckboxes" classname="com.selenium.app.AppTest4" time="0.139"/>
  <testcase name="ClickOnCheckboxes" classname="com.selenium.app.AppTest4" time="0.319"/>
  <testcase name="ClickOnCheckboxes" classname="com.selenium.app.AppTest4" time="0.053"/>
  <testcase name="ClickOnCheckboxes" classname="com.selenium.app.AppTest4" time="0.232"/>
  <testcase name="ClickOnCheckboxes" classname="com.selenium.app.AppTest4" time="0.325"/>
  <testcase name="ClickOnCheckboxes" classname="com.selenium.app.AppTest4" time="1.934"/>
  <testcase name="ClickOnCheckboxes" classname="com.selenium.app.AppTest4" time="0.082"/>
  <testcase name="ClickOnCheckboxes" classname="com.selenium.app.AppTest4" time="0.08"/>
  <testcase name="ClickOnRadioButtons" classname="com.selenium.app.AppTest4" time="0.11"/>
  <testcase name="ClickOnCheckboxes" classname="com.selenium.app.AppTest" time="0.503"/>
  <testcase name="ClickOnCheckboxes" classname="com.selenium.app.AppTest" time="0.084"/>
  <testcase name="ClickOnCheckboxes" classname="com.selenium.app.AppTest" time="0.675"/>
  <testcase name="ClickOnCheckboxes" classname="com.selenium.app.AppTest" time="1.002"/>
  <testcase name="ClickOnCheckboxes" classname="com.selenium.app.AppTest" time="0.207"/>
  <testcase name="ClickOnCheckboxes" classname="com.selenium.app.AppTest" time="0.487"/>
  <testcase name="ClickOnCheckboxes" classname="com.selenium.app.AppTest" time="0.395"/>
  <testcase name="ClickOnCheckboxes" classname="com.selenium.app.AppTest" time="0.101"/>
  <testcase name="ClickOnCheckboxes" classname="com.selenium.app.AppTest" time="0.117"/>
  <testcase name="ClickOnCheckboxes" classname="com.selenium.app.AppTest" time="0.309"/>
  <testcase name="ClickOnRadioButtons" classname="com.selenium.app.AppTest" time="0.846"/>
  <testcase name="ClickOnCheckboxes" classname="com.selenium.app.AppTest6" time="0.149"/>
  <testcase name="ClickOnCheckboxes" classname="com.selenium.app.AppTest6" time="0.488"/>
  <testcase name="ClickOnCheckboxes" classname="com.selenium.app.AppTest6" time="0.1"/>
  <testcase name="ClickOnCheckboxes" classname="com.selenium.app.AppTest6" time="0.079"/>
  <testcase name="ClickOnCheckboxes" classname="com.selenium.app.AppTest6" time="0.106"/>
  <testcase name="ClickOnCheckboxes" classname="com.selenium.app.AppTest6" time="0.132"/>
  <testcase name="ClickOnCheckboxes" classname="com.selenium.app.AppTest6" time="0.082"/>
  <testcase name="ClickOnCheckboxes" classname="com.selenium.app.AppTest6" time="5.336"/>
  <testcase name="ClickOnCheckboxes" classname="com.selenium.app.AppTest6" time="0.108"/>
  <testcase name="ClickOnCheckboxes" classname="com.selenium.app.AppTest6" time="0.178"/>
  <testcase name="ClickOnRadioButtons" classname="com.selenium.app.AppTest6" time="0.288"/>
</testsuite>