<?xml version="1.0" encoding="UTF-8"?>
<!-- Generated by org.testng.reporters.JUnitReportReporter -->
<testsuite hostname="bineet" failures="0" tests="12" name="com.selenium.app.AppTest3" time="12.827" errors="0" timestamp="2021-10-31T16:28:34 IST" skipped="1">
  <testcase classname="com.selenium.app.AppTest3" name="ClickOnCheckboxes" time="0.267"/>
  <system-out/>
  <testcase classname="com.selenium.app.AppTest3" name="ClickOnCheckboxes" time="2.034"/>
  <system-out/>
  <testcase classname="com.selenium.app.AppTest3" name="ClickOnCheckboxes" time="0.308"/>
  <system-out/>
  <testcase classname="com.selenium.app.AppTest3" name="ClickOnCheckboxes" time="1.121"/>
  <system-out/>
  <testcase classname="com.selenium.app.AppTest3" name="ClickOnRadioButtons" time="2.350"/>
  <system-out/>
  <testcase classname="com.selenium.app.AppTest3" name="ClickOnCheckboxes" time="2.091"/>
  <system-out/>
  <testcase classname="com.selenium.app.AppTest3" name="ClickOnCheckboxes" time="0.182"/>
  <system-out/>
  <testcase classname="com.selenium.app.AppTest3" name="ClickOnCheckboxes" time="0.209"/>
  <system-out/>
  <testcase classname="com.selenium.app.AppTest3" name="ClickOnCheckboxes" time="0.316"/>
  <system-out/>
  <testcase classname="com.selenium.app.AppTest3" name="ClickOnCheckboxes" time="1.819"/>
  <system-out/>
  <testcase classname="com.selenium.app.AppTest3" name="ClickOnCheckboxes" time="2.130"/>
  <system-out/>
  <testcase classname="com.selenium.app.AppTest3" name="runQuery">
    <skipped/>
  </testcase> <!-- runQuery -->
  <system-out/>
</testsuite> <!-- com.selenium.app.AppTest3 -->
