<?xml version="1.0" encoding="UTF-8"?>
<!-- Generated by org.testng.reporters.JUnitReportReporter -->
<testsuite hostname="LAPTOP-V746OSEM" failures="0" tests="2" name="com.selenium.app.AppTest" time="0.984" errors="0" timestamp="2021-10-09T15:15:32 IST" skipped="0">
  <testcase classname="com.selenium.app.AppTest" name="ClickOnRadioButtons" time="0.437"/>
  <system-out/>
  <testcase classname="com.selenium.app.AppTest" name="ClickOnCheckboxes" time="0.547"/>
  <system-out/>
</testsuite> <!-- com.selenium.app.AppTest -->
