<?xml version="1.0" encoding="UTF-8"?>
<!-- Generated by org.testng.reporters.JUnitReportReporter -->
<testsuite hostname="bineet" failures="0" tests="12" name="com.selenium.app.AppTest4" time="2.114" errors="0" timestamp="2021-11-01T13:04:21 IST" skipped="1">
  <testcase classname="com.selenium.app.AppTest4" name="ClickOnCheckboxes" time="0.174"/>
  <system-out/>
  <testcase classname="com.selenium.app.AppTest4" name="ClickOnRadioButtons" time="0.156"/>
  <system-out/>
  <testcase classname="com.selenium.app.AppTest4" name="ClickOnCheckboxes" time="0.150"/>
  <system-out/>
  <testcase classname="com.selenium.app.AppTest4" name="ClickOnCheckboxes" time="0.372"/>
  <system-out/>
  <testcase classname="com.selenium.app.AppTest4" name="ClickOnCheckboxes" time="0.173"/>
  <system-out/>
  <testcase classname="com.selenium.app.AppTest4" name="ClickOnCheckboxes" time="0.186"/>
  <system-out/>
  <testcase classname="com.selenium.app.AppTest4" name="ClickOnCheckboxes" time="0.140"/>
  <system-out/>
  <testcase classname="com.selenium.app.AppTest4" name="ClickOnCheckboxes" time="0.115"/>
  <system-out/>
  <testcase classname="com.selenium.app.AppTest4" name="ClickOnCheckboxes" time="0.162"/>
  <system-out/>
  <testcase classname="com.selenium.app.AppTest4" name="ClickOnCheckboxes" time="0.302"/>
  <system-out/>
  <testcase classname="com.selenium.app.AppTest4" name="ClickOnCheckboxes" time="0.184"/>
  <system-out/>
  <testcase classname="com.selenium.app.AppTest4" name="runQuery">
    <skipped/>
  </testcase> <!-- runQuery -->
  <system-out/>
</testsuite> <!-- com.selenium.app.AppTest4 -->
