<?xml version="1.0" encoding="UTF-8"?>
<!-- Generated by org.testng.reporters.JUnitReportReporter -->
<testsuite hostname="bineet" failures="0" tests="12" name="com.selenium.app.AppTest3" time="1.736" errors="0" timestamp="2021-11-01T12:39:06 IST" skipped="1">
  <testcase classname="com.selenium.app.AppTest3" name="ClickOnRadioButtons" time="0.114"/>
  <system-out/>
  <testcase classname="com.selenium.app.AppTest3" name="ClickOnCheckboxes" time="0.116"/>
  <system-out/>
  <testcase classname="com.selenium.app.AppTest3" name="ClickOnCheckboxes" time="0.082"/>
  <system-out/>
  <testcase classname="com.selenium.app.AppTest3" name="ClickOnCheckboxes" time="0.084"/>
  <system-out/>
  <testcase classname="com.selenium.app.AppTest3" name="ClickOnCheckboxes" time="0.100"/>
  <system-out/>
  <testcase classname="com.selenium.app.AppTest3" name="ClickOnCheckboxes" time="0.113"/>
  <system-out/>
  <testcase classname="com.selenium.app.AppTest3" name="ClickOnCheckboxes" time="0.270"/>
  <system-out/>
  <testcase classname="com.selenium.app.AppTest3" name="ClickOnCheckboxes" time="0.586"/>
  <system-out/>
  <testcase classname="com.selenium.app.AppTest3" name="ClickOnCheckboxes" time="0.079"/>
  <system-out/>
  <testcase classname="com.selenium.app.AppTest3" name="ClickOnCheckboxes" time="0.094"/>
  <system-out/>
  <testcase classname="com.selenium.app.AppTest3" name="ClickOnCheckboxes" time="0.098"/>
  <system-out/>
  <testcase classname="com.selenium.app.AppTest3" name="runQuery">
    <skipped/>
  </testcase> <!-- runQuery -->
  <system-out/>
</testsuite> <!-- com.selenium.app.AppTest3 -->
