<?xml version="1.0" encoding="UTF-8"?>
<!-- Generated by org.testng.reporters.JUnitReportReporter -->
<testsuite hostname="bineet" failures="0" tests="12" name="com.selenium.app.AppTest3" time="2.043" errors="0" timestamp="2021-11-01T13:20:10 IST" skipped="1">
  <testcase classname="com.selenium.app.AppTest3" name="ClickOnCheckboxes" time="0.137"/>
  <system-out/>
  <testcase classname="com.selenium.app.AppTest3" name="ClickOnRadioButtons" time="0.179"/>
  <system-out/>
  <testcase classname="com.selenium.app.AppTest3" name="ClickOnCheckboxes" time="0.128"/>
  <system-out/>
  <testcase classname="com.selenium.app.AppTest3" name="ClickOnCheckboxes" time="0.227"/>
  <system-out/>
  <testcase classname="com.selenium.app.AppTest3" name="ClickOnCheckboxes" time="0.259"/>
  <system-out/>
  <testcase classname="com.selenium.app.AppTest3" name="ClickOnCheckboxes" time="0.362"/>
  <system-out/>
  <testcase classname="com.selenium.app.AppTest3" name="ClickOnCheckboxes" time="0.111"/>
  <system-out/>
  <testcase classname="com.selenium.app.AppTest3" name="ClickOnCheckboxes" time="0.160"/>
  <system-out/>
  <testcase classname="com.selenium.app.AppTest3" name="ClickOnCheckboxes" time="0.145"/>
  <system-out/>
  <testcase classname="com.selenium.app.AppTest3" name="ClickOnCheckboxes" time="0.199"/>
  <system-out/>
  <testcase classname="com.selenium.app.AppTest3" name="ClickOnCheckboxes" time="0.136"/>
  <system-out/>
  <testcase classname="com.selenium.app.AppTest3" name="runQuery">
    <skipped/>
  </testcase> <!-- runQuery -->
  <system-out/>
</testsuite> <!-- com.selenium.app.AppTest3 -->
