<?xml version="1.0" encoding="UTF-8"?>
<!-- Generated by org.testng.reporters.JUnitReportReporter -->
<testsuite hostname="bineet" failures="0" tests="12" name="com.selenium.app.AppTest2" time="2.203" errors="0" timestamp="2021-11-01T13:04:21 IST" skipped="1">
  <testcase classname="com.selenium.app.AppTest2" name="ClickOnCheckboxes" time="0.743"/>
  <system-out/>
  <testcase classname="com.selenium.app.AppTest2" name="ClickOnCheckboxes" time="0.132"/>
  <system-out/>
  <testcase classname="com.selenium.app.AppTest2" name="ClickOnCheckboxes" time="0.112"/>
  <system-out/>
  <testcase classname="com.selenium.app.AppTest2" name="ClickOnCheckboxes" time="0.105"/>
  <system-out/>
  <testcase classname="com.selenium.app.AppTest2" name="ClickOnCheckboxes" time="0.258"/>
  <system-out/>
  <testcase classname="com.selenium.app.AppTest2" name="ClickOnCheckboxes" time="0.122"/>
  <system-out/>
  <testcase classname="com.selenium.app.AppTest2" name="ClickOnCheckboxes" time="0.176"/>
  <system-out/>
  <testcase classname="com.selenium.app.AppTest2" name="ClickOnCheckboxes" time="0.094"/>
  <system-out/>
  <testcase classname="com.selenium.app.AppTest2" name="ClickOnCheckboxes" time="0.230"/>
  <system-out/>
  <testcase classname="com.selenium.app.AppTest2" name="ClickOnCheckboxes" time="0.099"/>
  <system-out/>
  <testcase classname="com.selenium.app.AppTest2" name="ClickOnRadioButtons" time="0.132"/>
  <system-out/>
  <testcase classname="com.selenium.app.AppTest2" name="runQuery">
    <skipped/>
  </testcase> <!-- runQuery -->
  <system-out/>
</testsuite> <!-- com.selenium.app.AppTest2 -->
