<?xml version="1.0" encoding="UTF-8"?>
<!-- Generated by org.testng.reporters.JUnitReportReporter -->
<testsuite hostname="bineet" failures="0" tests="12" name="com.selenium.app.AppTest3" time="1.511" errors="0" timestamp="2021-11-01T13:25:13 IST" skipped="1">
  <testcase classname="com.selenium.app.AppTest3" name="ClickOnCheckboxes" time="0.125"/>
  <system-out/>
  <testcase classname="com.selenium.app.AppTest3" name="ClickOnCheckboxes" time="0.093"/>
  <system-out/>
  <testcase classname="com.selenium.app.AppTest3" name="ClickOnCheckboxes" time="0.093"/>
  <system-out/>
  <testcase classname="com.selenium.app.AppTest3" name="ClickOnCheckboxes" time="0.085"/>
  <system-out/>
  <testcase classname="com.selenium.app.AppTest3" name="ClickOnCheckboxes" time="0.108"/>
  <system-out/>
  <testcase classname="com.selenium.app.AppTest3" name="ClickOnCheckboxes" time="0.122"/>
  <system-out/>
  <testcase classname="com.selenium.app.AppTest3" name="ClickOnCheckboxes" time="0.148"/>
  <system-out/>
  <testcase classname="com.selenium.app.AppTest3" name="ClickOnCheckboxes" time="0.126"/>
  <system-out/>
  <testcase classname="com.selenium.app.AppTest3" name="ClickOnCheckboxes" time="0.308"/>
  <system-out/>
  <testcase classname="com.selenium.app.AppTest3" name="ClickOnCheckboxes" time="0.186"/>
  <system-out/>
  <testcase classname="com.selenium.app.AppTest3" name="ClickOnRadioButtons" time="0.117"/>
  <system-out/>
  <testcase classname="com.selenium.app.AppTest3" name="runQuery">
    <skipped/>
  </testcase> <!-- runQuery -->
  <system-out/>
</testsuite> <!-- com.selenium.app.AppTest3 -->
