<?xml version="1.0" encoding="UTF-8"?>
<!-- Generated by org.testng.reporters.JUnitReportReporter -->
<testsuite hostname="bineet" failures="0" tests="1" name="utilities.startDockerContainers" time="0.010" errors="0" timestamp="2021-10-31T20:08:47 IST" skipped="0">
  <testcase classname="utilities.startDockerContainers" name="startDocker" time="0.010"/>
  <system-out/>
</testsuite> <!-- utilities.startDockerContainers -->
