<?xml version="1.0" encoding="UTF-8"?>
<!-- Generated by org.testng.reporters.JUnitReportReporter -->
<testsuite hostname="bineet" failures="0" tests="12" name="com.selenium.app.AppTest6" time="1.825" errors="0" timestamp="2021-11-01T13:20:10 IST" skipped="1">
  <testcase classname="com.selenium.app.AppTest6" name="ClickOnRadioButtons" time="0.145"/>
  <system-out/>
  <testcase classname="com.selenium.app.AppTest6" name="ClickOnCheckboxes" time="0.148"/>
  <system-out/>
  <testcase classname="com.selenium.app.AppTest6" name="ClickOnCheckboxes" time="0.111"/>
  <system-out/>
  <testcase classname="com.selenium.app.AppTest6" name="ClickOnCheckboxes" time="0.313"/>
  <system-out/>
  <testcase classname="com.selenium.app.AppTest6" name="ClickOnCheckboxes" time="0.151"/>
  <system-out/>
  <testcase classname="com.selenium.app.AppTest6" name="ClickOnCheckboxes" time="0.232"/>
  <system-out/>
  <testcase classname="com.selenium.app.AppTest6" name="ClickOnCheckboxes" time="0.150"/>
  <system-out/>
  <testcase classname="com.selenium.app.AppTest6" name="ClickOnCheckboxes" time="0.123"/>
  <system-out/>
  <testcase classname="com.selenium.app.AppTest6" name="ClickOnCheckboxes" time="0.133"/>
  <system-out/>
  <testcase classname="com.selenium.app.AppTest6" name="ClickOnCheckboxes" time="0.218"/>
  <system-out/>
  <testcase classname="com.selenium.app.AppTest6" name="ClickOnCheckboxes" time="0.101"/>
  <system-out/>
  <testcase classname="com.selenium.app.AppTest6" name="runQuery">
    <skipped/>
  </testcase> <!-- runQuery -->
  <system-out/>
</testsuite> <!-- com.selenium.app.AppTest6 -->
