<?xml version="1.0" encoding="UTF-8"?>
<!-- Generated by org.testng.reporters.JUnitReportReporter -->
<testsuite hostname="bineet" failures="0" tests="12" name="com.selenium.app.AppTest5" time="1.964" errors="0" timestamp="2021-11-01T13:20:10 IST" skipped="1">
  <testcase classname="com.selenium.app.AppTest5" name="ClickOnCheckboxes" time="0.157"/>
  <system-out/>
  <testcase classname="com.selenium.app.AppTest5" name="ClickOnCheckboxes" time="0.157"/>
  <system-out/>
  <testcase classname="com.selenium.app.AppTest5" name="ClickOnCheckboxes" time="0.125"/>
  <system-out/>
  <testcase classname="com.selenium.app.AppTest5" name="ClickOnCheckboxes" time="0.133"/>
  <system-out/>
  <testcase classname="com.selenium.app.AppTest5" name="ClickOnCheckboxes" time="0.224"/>
  <system-out/>
  <testcase classname="com.selenium.app.AppTest5" name="ClickOnCheckboxes" time="0.162"/>
  <system-out/>
  <testcase classname="com.selenium.app.AppTest5" name="ClickOnRadioButtons" time="0.187"/>
  <system-out/>
  <testcase classname="com.selenium.app.AppTest5" name="ClickOnCheckboxes" time="0.216"/>
  <system-out/>
  <testcase classname="com.selenium.app.AppTest5" name="ClickOnCheckboxes" time="0.126"/>
  <system-out/>
  <testcase classname="com.selenium.app.AppTest5" name="ClickOnCheckboxes" time="0.122"/>
  <system-out/>
  <testcase classname="com.selenium.app.AppTest5" name="ClickOnCheckboxes" time="0.355"/>
  <system-out/>
  <testcase classname="com.selenium.app.AppTest5" name="runQuery">
    <skipped/>
  </testcase> <!-- runQuery -->
  <system-out/>
</testsuite> <!-- com.selenium.app.AppTest5 -->
