<?xml version="1.0" encoding="UTF-8"?>
<!-- Generated by org.testng.reporters.JUnitReportReporter -->
<testsuite hostname="bineet" failures="0" tests="12" name="com.selenium.app.AppTest4" time="1.460" errors="0" timestamp="2021-11-01T13:20:10 IST" skipped="1">
  <testcase classname="com.selenium.app.AppTest4" name="ClickOnCheckboxes" time="0.132"/>
  <system-out/>
  <testcase classname="com.selenium.app.AppTest4" name="ClickOnRadioButtons" time="0.124"/>
  <system-out/>
  <testcase classname="com.selenium.app.AppTest4" name="ClickOnCheckboxes" time="0.101"/>
  <system-out/>
  <testcase classname="com.selenium.app.AppTest4" name="ClickOnCheckboxes" time="0.141"/>
  <system-out/>
  <testcase classname="com.selenium.app.AppTest4" name="ClickOnCheckboxes" time="0.101"/>
  <system-out/>
  <testcase classname="com.selenium.app.AppTest4" name="ClickOnCheckboxes" time="0.356"/>
  <system-out/>
  <testcase classname="com.selenium.app.AppTest4" name="ClickOnCheckboxes" time="0.112"/>
  <system-out/>
  <testcase classname="com.selenium.app.AppTest4" name="ClickOnCheckboxes" time="0.086"/>
  <system-out/>
  <testcase classname="com.selenium.app.AppTest4" name="ClickOnCheckboxes" time="0.086"/>
  <system-out/>
  <testcase classname="com.selenium.app.AppTest4" name="ClickOnCheckboxes" time="0.116"/>
  <system-out/>
  <testcase classname="com.selenium.app.AppTest4" name="ClickOnCheckboxes" time="0.105"/>
  <system-out/>
  <testcase classname="com.selenium.app.AppTest4" name="runQuery">
    <skipped/>
  </testcase> <!-- runQuery -->
  <system-out/>
</testsuite> <!-- com.selenium.app.AppTest4 -->
