<?xml version="1.0" encoding="UTF-8"?>
<!-- Generated by org.testng.reporters.JUnitReportReporter -->
<testsuite hostname="bineet" failures="0" tests="12" name="com.selenium.app.AppTest5" time="19.743" errors="0" timestamp="2021-10-31T16:28:34 IST" skipped="1">
  <testcase classname="com.selenium.app.AppTest5" name="ClickOnCheckboxes" time="0.380"/>
  <system-out/>
  <testcase classname="com.selenium.app.AppTest5" name="ClickOnCheckboxes" time="0.082"/>
  <system-out/>
  <testcase classname="com.selenium.app.AppTest5" name="ClickOnCheckboxes" time="3.441"/>
  <system-out/>
  <testcase classname="com.selenium.app.AppTest5" name="ClickOnCheckboxes" time="0.134"/>
  <system-out/>
  <testcase classname="com.selenium.app.AppTest5" name="ClickOnCheckboxes" time="0.073"/>
  <system-out/>
  <testcase classname="com.selenium.app.AppTest5" name="ClickOnCheckboxes" time="8.635"/>
  <system-out/>
  <testcase classname="com.selenium.app.AppTest5" name="ClickOnRadioButtons" time="6.110"/>
  <system-out/>
  <testcase classname="com.selenium.app.AppTest5" name="ClickOnCheckboxes" time="0.078"/>
  <system-out/>
  <testcase classname="com.selenium.app.AppTest5" name="ClickOnCheckboxes" time="0.557"/>
  <system-out/>
  <testcase classname="com.selenium.app.AppTest5" name="ClickOnCheckboxes" time="0.177"/>
  <system-out/>
  <testcase classname="com.selenium.app.AppTest5" name="ClickOnCheckboxes" time="0.076"/>
  <system-out/>
  <testcase classname="com.selenium.app.AppTest5" name="runQuery">
    <skipped/>
  </testcase> <!-- runQuery -->
  <system-out/>
</testsuite> <!-- com.selenium.app.AppTest5 -->
