<?xml version="1.0" encoding="UTF-8"?>
<!-- Generated by org.testng.reporters.JUnitReportReporter -->
<testsuite hostname="bineet" failures="0" tests="12" name="com.selenium.app.AppTest6" time="1.507" errors="0" timestamp="2021-11-01T12:39:06 IST" skipped="1">
  <testcase classname="com.selenium.app.AppTest6" name="ClickOnCheckboxes" time="0.089"/>
  <system-out/>
  <testcase classname="com.selenium.app.AppTest6" name="ClickOnCheckboxes" time="0.082"/>
  <system-out/>
  <testcase classname="com.selenium.app.AppTest6" name="ClickOnRadioButtons" time="0.127"/>
  <system-out/>
  <testcase classname="com.selenium.app.AppTest6" name="ClickOnCheckboxes" time="0.093"/>
  <system-out/>
  <testcase classname="com.selenium.app.AppTest6" name="ClickOnCheckboxes" time="0.093"/>
  <system-out/>
  <testcase classname="com.selenium.app.AppTest6" name="ClickOnCheckboxes" time="0.090"/>
  <system-out/>
  <testcase classname="com.selenium.app.AppTest6" name="ClickOnCheckboxes" time="0.089"/>
  <system-out/>
  <testcase classname="com.selenium.app.AppTest6" name="ClickOnCheckboxes" time="0.557"/>
  <system-out/>
  <testcase classname="com.selenium.app.AppTest6" name="ClickOnCheckboxes" time="0.088"/>
  <system-out/>
  <testcase classname="com.selenium.app.AppTest6" name="ClickOnCheckboxes" time="0.102"/>
  <system-out/>
  <testcase classname="com.selenium.app.AppTest6" name="ClickOnCheckboxes" time="0.097"/>
  <system-out/>
  <testcase classname="com.selenium.app.AppTest6" name="runQuery">
    <skipped/>
  </testcase> <!-- runQuery -->
  <system-out/>
</testsuite> <!-- com.selenium.app.AppTest6 -->
