<?xml version="1.0" encoding="UTF-8"?>
<!-- Generated by org.testng.reporters.JUnitReportReporter -->
<testsuite hostname="bineet" failures="0" tests="12" name="com.selenium.app.AppTest4" time="4.639" errors="0" timestamp="2021-10-31T16:28:34 IST" skipped="1">
  <testcase classname="com.selenium.app.AppTest4" name="ClickOnCheckboxes" time="0.244"/>
  <system-out/>
  <testcase classname="com.selenium.app.AppTest4" name="ClickOnCheckboxes" time="0.077"/>
  <system-out/>
  <testcase classname="com.selenium.app.AppTest4" name="ClickOnCheckboxes" time="0.738"/>
  <system-out/>
  <testcase classname="com.selenium.app.AppTest4" name="ClickOnCheckboxes" time="0.357"/>
  <system-out/>
  <testcase classname="com.selenium.app.AppTest4" name="ClickOnCheckboxes" time="0.212"/>
  <system-out/>
  <testcase classname="com.selenium.app.AppTest4" name="ClickOnCheckboxes" time="0.077"/>
  <system-out/>
  <testcase classname="com.selenium.app.AppTest4" name="ClickOnRadioButtons" time="0.605"/>
  <system-out/>
  <testcase classname="com.selenium.app.AppTest4" name="ClickOnCheckboxes" time="0.283"/>
  <system-out/>
  <testcase classname="com.selenium.app.AppTest4" name="ClickOnCheckboxes" time="0.849"/>
  <system-out/>
  <testcase classname="com.selenium.app.AppTest4" name="ClickOnCheckboxes" time="0.530"/>
  <system-out/>
  <testcase classname="com.selenium.app.AppTest4" name="ClickOnCheckboxes" time="0.667"/>
  <system-out/>
  <testcase classname="com.selenium.app.AppTest4" name="runQuery">
    <skipped/>
  </testcase> <!-- runQuery -->
  <system-out/>
</testsuite> <!-- com.selenium.app.AppTest4 -->
