<?xml version="1.0" encoding="UTF-8"?>
<!-- Generated by org.testng.reporters.JUnitReportReporter -->
<testsuite hostname="bineet" failures="0" tests="12" name="com.selenium.app.AppTest" time="3.435" errors="0" timestamp="2021-10-31T16:28:34 IST" skipped="1">
  <testcase classname="com.selenium.app.AppTest" name="ClickOnCheckboxes" time="0.895"/>
  <system-out/>
  <testcase classname="com.selenium.app.AppTest" name="ClickOnCheckboxes" time="0.731"/>
  <system-out/>
  <testcase classname="com.selenium.app.AppTest" name="ClickOnCheckboxes" time="0.320"/>
  <system-out/>
  <testcase classname="com.selenium.app.AppTest" name="ClickOnCheckboxes" time="0.291"/>
  <system-out/>
  <testcase classname="com.selenium.app.AppTest" name="ClickOnCheckboxes" time="0.349"/>
  <system-out/>
  <testcase classname="com.selenium.app.AppTest" name="ClickOnRadioButtons" time="0.112"/>
  <system-out/>
  <testcase classname="com.selenium.app.AppTest" name="ClickOnCheckboxes" time="0.279"/>
  <system-out/>
  <testcase classname="com.selenium.app.AppTest" name="ClickOnCheckboxes" time="0.092"/>
  <system-out/>
  <testcase classname="com.selenium.app.AppTest" name="ClickOnCheckboxes" time="0.096"/>
  <system-out/>
  <testcase classname="com.selenium.app.AppTest" name="ClickOnCheckboxes" time="0.199"/>
  <system-out/>
  <testcase classname="com.selenium.app.AppTest" name="ClickOnCheckboxes" time="0.071"/>
  <system-out/>
  <testcase classname="com.selenium.app.AppTest" name="runQuery">
    <skipped/>
  </testcase> <!-- runQuery -->
  <system-out/>
</testsuite> <!-- com.selenium.app.AppTest -->
