<?xml version="1.0" encoding="UTF-8"?>
<!-- Generated by org.testng.reporters.JUnitReportReporter -->
<testsuite hostname="bineet" failures="0" tests="12" name="com.selenium.app.AppTest5" time="2.114" errors="0" timestamp="2021-11-01T13:04:21 IST" skipped="1">
  <testcase classname="com.selenium.app.AppTest5" name="ClickOnRadioButtons" time="0.217"/>
  <system-out/>
  <testcase classname="com.selenium.app.AppTest5" name="ClickOnCheckboxes" time="0.177"/>
  <system-out/>
  <testcase classname="com.selenium.app.AppTest5" name="ClickOnCheckboxes" time="0.147"/>
  <system-out/>
  <testcase classname="com.selenium.app.AppTest5" name="ClickOnCheckboxes" time="0.179"/>
  <system-out/>
  <testcase classname="com.selenium.app.AppTest5" name="ClickOnCheckboxes" time="0.143"/>
  <system-out/>
  <testcase classname="com.selenium.app.AppTest5" name="ClickOnCheckboxes" time="0.113"/>
  <system-out/>
  <testcase classname="com.selenium.app.AppTest5" name="ClickOnCheckboxes" time="0.110"/>
  <system-out/>
  <testcase classname="com.selenium.app.AppTest5" name="ClickOnCheckboxes" time="0.293"/>
  <system-out/>
  <testcase classname="com.selenium.app.AppTest5" name="ClickOnCheckboxes" time="0.370"/>
  <system-out/>
  <testcase classname="com.selenium.app.AppTest5" name="ClickOnCheckboxes" time="0.183"/>
  <system-out/>
  <testcase classname="com.selenium.app.AppTest5" name="ClickOnCheckboxes" time="0.182"/>
  <system-out/>
  <testcase classname="com.selenium.app.AppTest5" name="runQuery">
    <skipped/>
  </testcase> <!-- runQuery -->
  <system-out/>
</testsuite> <!-- com.selenium.app.AppTest5 -->
