<?xml version="1.0" encoding="UTF-8"?>
<!-- Generated by org.testng.reporters.JUnitReportReporter -->
<testsuite hostname="bineet" failures="0" tests="12" name="com.selenium.app.AppTest2" time="1.647" errors="0" timestamp="2021-11-01T13:25:13 IST" skipped="1">
  <testcase classname="com.selenium.app.AppTest2" name="ClickOnCheckboxes" time="0.264"/>
  <system-out/>
  <testcase classname="com.selenium.app.AppTest2" name="ClickOnCheckboxes" time="0.094"/>
  <system-out/>
  <testcase classname="com.selenium.app.AppTest2" name="ClickOnCheckboxes" time="0.116"/>
  <system-out/>
  <testcase classname="com.selenium.app.AppTest2" name="ClickOnCheckboxes" time="0.103"/>
  <system-out/>
  <testcase classname="com.selenium.app.AppTest2" name="ClickOnCheckboxes" time="0.105"/>
  <system-out/>
  <testcase classname="com.selenium.app.AppTest2" name="ClickOnCheckboxes" time="0.138"/>
  <system-out/>
  <testcase classname="com.selenium.app.AppTest2" name="ClickOnCheckboxes" time="0.220"/>
  <system-out/>
  <testcase classname="com.selenium.app.AppTest2" name="ClickOnCheckboxes" time="0.095"/>
  <system-out/>
  <testcase classname="com.selenium.app.AppTest2" name="ClickOnCheckboxes" time="0.286"/>
  <system-out/>
  <testcase classname="com.selenium.app.AppTest2" name="ClickOnCheckboxes" time="0.095"/>
  <system-out/>
  <testcase classname="com.selenium.app.AppTest2" name="ClickOnRadioButtons" time="0.131"/>
  <system-out/>
  <testcase classname="com.selenium.app.AppTest2" name="runQuery">
    <skipped/>
  </testcase> <!-- runQuery -->
  <system-out/>
</testsuite> <!-- com.selenium.app.AppTest2 -->
