<?xml version="1.0" encoding="UTF-8"?>
<!-- Generated by org.testng.reporters.JUnitReportReporter -->
<testsuite hostname="bineet" failures="0" tests="12" name="com.selenium.app.AppTest6" time="13.550" errors="0" timestamp="2021-10-31T16:28:34 IST" skipped="1">
  <testcase classname="com.selenium.app.AppTest6" name="ClickOnCheckboxes" time="0.176"/>
  <system-out/>
  <testcase classname="com.selenium.app.AppTest6" name="ClickOnCheckboxes" time="0.227"/>
  <system-out/>
  <testcase classname="com.selenium.app.AppTest6" name="ClickOnCheckboxes" time="1.249"/>
  <system-out/>
  <testcase classname="com.selenium.app.AppTest6" name="ClickOnCheckboxes" time="9.940"/>
  <system-out/>
  <testcase classname="com.selenium.app.AppTest6" name="ClickOnCheckboxes" time="0.265"/>
  <system-out/>
  <testcase classname="com.selenium.app.AppTest6" name="ClickOnCheckboxes" time="0.609"/>
  <system-out/>
  <testcase classname="com.selenium.app.AppTest6" name="ClickOnCheckboxes" time="0.090"/>
  <system-out/>
  <testcase classname="com.selenium.app.AppTest6" name="ClickOnRadioButtons" time="0.131"/>
  <system-out/>
  <testcase classname="com.selenium.app.AppTest6" name="ClickOnCheckboxes" time="0.498"/>
  <system-out/>
  <testcase classname="com.selenium.app.AppTest6" name="ClickOnCheckboxes" time="0.147"/>
  <system-out/>
  <testcase classname="com.selenium.app.AppTest6" name="ClickOnCheckboxes" time="0.218"/>
  <system-out/>
  <testcase classname="com.selenium.app.AppTest6" name="runQuery">
    <skipped/>
  </testcase> <!-- runQuery -->
  <system-out/>
</testsuite> <!-- com.selenium.app.AppTest6 -->
