<?xml version="1.0" encoding="UTF-8"?>
<!-- Generated by org.testng.reporters.JUnitReportReporter -->
<testsuite hostname="bineet" failures="0" tests="12" name="com.selenium.app.AppTest6" time="1.836" errors="0" timestamp="2021-11-01T13:04:21 IST" skipped="1">
  <testcase classname="com.selenium.app.AppTest6" name="ClickOnCheckboxes" time="0.100"/>
  <system-out/>
  <testcase classname="com.selenium.app.AppTest6" name="ClickOnCheckboxes" time="0.165"/>
  <system-out/>
  <testcase classname="com.selenium.app.AppTest6" name="ClickOnCheckboxes" time="0.168"/>
  <system-out/>
  <testcase classname="com.selenium.app.AppTest6" name="ClickOnCheckboxes" time="0.104"/>
  <system-out/>
  <testcase classname="com.selenium.app.AppTest6" name="ClickOnRadioButtons" time="0.199"/>
  <system-out/>
  <testcase classname="com.selenium.app.AppTest6" name="ClickOnCheckboxes" time="0.100"/>
  <system-out/>
  <testcase classname="com.selenium.app.AppTest6" name="ClickOnCheckboxes" time="0.176"/>
  <system-out/>
  <testcase classname="com.selenium.app.AppTest6" name="ClickOnCheckboxes" time="0.102"/>
  <system-out/>
  <testcase classname="com.selenium.app.AppTest6" name="ClickOnCheckboxes" time="0.384"/>
  <system-out/>
  <testcase classname="com.selenium.app.AppTest6" name="ClickOnCheckboxes" time="0.157"/>
  <system-out/>
  <testcase classname="com.selenium.app.AppTest6" name="ClickOnCheckboxes" time="0.181"/>
  <system-out/>
  <testcase classname="com.selenium.app.AppTest6" name="runQuery">
    <skipped/>
  </testcase> <!-- runQuery -->
  <system-out/>
</testsuite> <!-- com.selenium.app.AppTest6 -->
