<?xml version="1.0" encoding="UTF-8"?>
<!-- Generated by org.testng.reporters.JUnitReportReporter -->
<testsuite hostname="bineet" failures="0" tests="12" name="com.selenium.app.AppTest3" time="2.106" errors="0" timestamp="2021-11-01T13:04:21 IST" skipped="1">
  <testcase classname="com.selenium.app.AppTest3" name="ClickOnCheckboxes" time="0.360"/>
  <system-out/>
  <testcase classname="com.selenium.app.AppTest3" name="ClickOnCheckboxes" time="0.161"/>
  <system-out/>
  <testcase classname="com.selenium.app.AppTest3" name="ClickOnCheckboxes" time="0.185"/>
  <system-out/>
  <testcase classname="com.selenium.app.AppTest3" name="ClickOnCheckboxes" time="0.168"/>
  <system-out/>
  <testcase classname="com.selenium.app.AppTest3" name="ClickOnCheckboxes" time="0.117"/>
  <system-out/>
  <testcase classname="com.selenium.app.AppTest3" name="ClickOnCheckboxes" time="0.200"/>
  <system-out/>
  <testcase classname="com.selenium.app.AppTest3" name="ClickOnRadioButtons" time="0.143"/>
  <system-out/>
  <testcase classname="com.selenium.app.AppTest3" name="ClickOnCheckboxes" time="0.190"/>
  <system-out/>
  <testcase classname="com.selenium.app.AppTest3" name="ClickOnCheckboxes" time="0.143"/>
  <system-out/>
  <testcase classname="com.selenium.app.AppTest3" name="ClickOnCheckboxes" time="0.309"/>
  <system-out/>
  <testcase classname="com.selenium.app.AppTest3" name="ClickOnCheckboxes" time="0.130"/>
  <system-out/>
  <testcase classname="com.selenium.app.AppTest3" name="runQuery">
    <skipped/>
  </testcase> <!-- runQuery -->
  <system-out/>
</testsuite> <!-- com.selenium.app.AppTest3 -->
