<?xml version="1.0" encoding="UTF-8"?>
<!-- Generated by org.testng.reporters.JUnitReportReporter -->
<testsuite hostname="bineet" failures="0" tests="12" name="com.selenium.app.AppTest" time="1.636" errors="0" timestamp="2021-11-01T13:20:10 IST" skipped="1">
  <testcase classname="com.selenium.app.AppTest" name="ClickOnCheckboxes" time="0.150"/>
  <system-out/>
  <testcase classname="com.selenium.app.AppTest" name="ClickOnCheckboxes" time="0.092"/>
  <system-out/>
  <testcase classname="com.selenium.app.AppTest" name="ClickOnRadioButtons" time="0.280"/>
  <system-out/>
  <testcase classname="com.selenium.app.AppTest" name="ClickOnCheckboxes" time="0.077"/>
  <system-out/>
  <testcase classname="com.selenium.app.AppTest" name="ClickOnCheckboxes" time="0.172"/>
  <system-out/>
  <testcase classname="com.selenium.app.AppTest" name="ClickOnCheckboxes" time="0.175"/>
  <system-out/>
  <testcase classname="com.selenium.app.AppTest" name="ClickOnCheckboxes" time="0.085"/>
  <system-out/>
  <testcase classname="com.selenium.app.AppTest" name="ClickOnCheckboxes" time="0.087"/>
  <system-out/>
  <testcase classname="com.selenium.app.AppTest" name="ClickOnCheckboxes" time="0.110"/>
  <system-out/>
  <testcase classname="com.selenium.app.AppTest" name="ClickOnCheckboxes" time="0.287"/>
  <system-out/>
  <testcase classname="com.selenium.app.AppTest" name="ClickOnCheckboxes" time="0.121"/>
  <system-out/>
  <testcase classname="com.selenium.app.AppTest" name="runQuery">
    <skipped/>
  </testcase> <!-- runQuery -->
  <system-out/>
</testsuite> <!-- com.selenium.app.AppTest -->
