<?xml version="1.0" encoding="UTF-8"?>
<!-- Generated by org.testng.reporters.JUnitReportReporter -->
<testsuite hostname="bineet" failures="0" tests="12" name="com.selenium.app.AppTest4" time="1.354" errors="0" timestamp="2021-11-01T12:39:06 IST" skipped="1">
  <testcase classname="com.selenium.app.AppTest4" name="ClickOnRadioButtons" time="0.119"/>
  <system-out/>
  <testcase classname="com.selenium.app.AppTest4" name="ClickOnCheckboxes" time="0.090"/>
  <system-out/>
  <testcase classname="com.selenium.app.AppTest4" name="ClickOnCheckboxes" time="0.125"/>
  <system-out/>
  <testcase classname="com.selenium.app.AppTest4" name="ClickOnCheckboxes" time="0.240"/>
  <system-out/>
  <testcase classname="com.selenium.app.AppTest4" name="ClickOnCheckboxes" time="0.096"/>
  <system-out/>
  <testcase classname="com.selenium.app.AppTest4" name="ClickOnCheckboxes" time="0.130"/>
  <system-out/>
  <testcase classname="com.selenium.app.AppTest4" name="ClickOnCheckboxes" time="0.152"/>
  <system-out/>
  <testcase classname="com.selenium.app.AppTest4" name="ClickOnCheckboxes" time="0.105"/>
  <system-out/>
  <testcase classname="com.selenium.app.AppTest4" name="ClickOnCheckboxes" time="0.129"/>
  <system-out/>
  <testcase classname="com.selenium.app.AppTest4" name="ClickOnCheckboxes" time="0.081"/>
  <system-out/>
  <testcase classname="com.selenium.app.AppTest4" name="ClickOnCheckboxes" time="0.087"/>
  <system-out/>
  <testcase classname="com.selenium.app.AppTest4" name="runQuery">
    <skipped/>
  </testcase> <!-- runQuery -->
  <system-out/>
</testsuite> <!-- com.selenium.app.AppTest4 -->
