<?xml version="1.0" encoding="UTF-8"?>
<!-- Generated by org.testng.reporters.JUnitReportReporter -->
<testsuite hostname="bineet" failures="0" tests="12" name="com.selenium.app.AppTest2" time="4.342" errors="0" timestamp="2021-10-31T16:28:34 IST" skipped="1">
  <testcase classname="com.selenium.app.AppTest2" name="ClickOnCheckboxes" time="1.111"/>
  <system-out/>
  <testcase classname="com.selenium.app.AppTest2" name="ClickOnCheckboxes" time="0.264"/>
  <system-out/>
  <testcase classname="com.selenium.app.AppTest2" name="ClickOnRadioButtons" time="0.174"/>
  <system-out/>
  <testcase classname="com.selenium.app.AppTest2" name="ClickOnCheckboxes" time="1.688"/>
  <system-out/>
  <testcase classname="com.selenium.app.AppTest2" name="ClickOnCheckboxes" time="0.408"/>
  <system-out/>
  <testcase classname="com.selenium.app.AppTest2" name="ClickOnCheckboxes" time="0.076"/>
  <system-out/>
  <testcase classname="com.selenium.app.AppTest2" name="ClickOnCheckboxes" time="0.140"/>
  <system-out/>
  <testcase classname="com.selenium.app.AppTest2" name="ClickOnCheckboxes" time="0.068"/>
  <system-out/>
  <testcase classname="com.selenium.app.AppTest2" name="ClickOnCheckboxes" time="0.129"/>
  <system-out/>
  <testcase classname="com.selenium.app.AppTest2" name="ClickOnCheckboxes" time="0.092"/>
  <system-out/>
  <testcase classname="com.selenium.app.AppTest2" name="ClickOnCheckboxes" time="0.192"/>
  <system-out/>
  <testcase classname="com.selenium.app.AppTest2" name="runQuery">
    <skipped/>
  </testcase> <!-- runQuery -->
  <system-out/>
</testsuite> <!-- com.selenium.app.AppTest2 -->
