<?xml version="1.0" encoding="UTF-8"?>
<!-- Generated by org.testng.reporters.JUnitReportReporter -->
<testsuite hostname="bineet" failures="0" tests="12" name="com.selenium.app.AppTest" time="1.579" errors="0" timestamp="2021-11-01T13:25:13 IST" skipped="1">
  <testcase classname="com.selenium.app.AppTest" name="ClickOnCheckboxes" time="0.131"/>
  <system-out/>
  <testcase classname="com.selenium.app.AppTest" name="ClickOnRadioButtons" time="0.164"/>
  <system-out/>
  <testcase classname="com.selenium.app.AppTest" name="ClickOnCheckboxes" time="0.269"/>
  <system-out/>
  <testcase classname="com.selenium.app.AppTest" name="ClickOnCheckboxes" time="0.124"/>
  <system-out/>
  <testcase classname="com.selenium.app.AppTest" name="ClickOnCheckboxes" time="0.134"/>
  <system-out/>
  <testcase classname="com.selenium.app.AppTest" name="ClickOnCheckboxes" time="0.148"/>
  <system-out/>
  <testcase classname="com.selenium.app.AppTest" name="ClickOnCheckboxes" time="0.111"/>
  <system-out/>
  <testcase classname="com.selenium.app.AppTest" name="ClickOnCheckboxes" time="0.108"/>
  <system-out/>
  <testcase classname="com.selenium.app.AppTest" name="ClickOnCheckboxes" time="0.141"/>
  <system-out/>
  <testcase classname="com.selenium.app.AppTest" name="ClickOnCheckboxes" time="0.135"/>
  <system-out/>
  <testcase classname="com.selenium.app.AppTest" name="ClickOnCheckboxes" time="0.114"/>
  <system-out/>
  <testcase classname="com.selenium.app.AppTest" name="runQuery">
    <skipped/>
  </testcase> <!-- runQuery -->
  <system-out/>
</testsuite> <!-- com.selenium.app.AppTest -->
