<?xml version="1.0" encoding="UTF-8"?>
<!-- Generated by org.testng.reporters.JUnitReportReporter -->
<testsuite hostname="bineet" failures="0" tests="12" name="com.selenium.app.AppTest2" time="1.295" errors="0" timestamp="2021-11-01T13:20:10 IST" skipped="1">
  <testcase classname="com.selenium.app.AppTest2" name="ClickOnCheckboxes" time="0.264"/>
  <system-out/>
  <testcase classname="com.selenium.app.AppTest2" name="ClickOnCheckboxes" time="0.082"/>
  <system-out/>
  <testcase classname="com.selenium.app.AppTest2" name="ClickOnCheckboxes" time="0.084"/>
  <system-out/>
  <testcase classname="com.selenium.app.AppTest2" name="ClickOnRadioButtons" time="0.111"/>
  <system-out/>
  <testcase classname="com.selenium.app.AppTest2" name="ClickOnCheckboxes" time="0.196"/>
  <system-out/>
  <testcase classname="com.selenium.app.AppTest2" name="ClickOnCheckboxes" time="0.079"/>
  <system-out/>
  <testcase classname="com.selenium.app.AppTest2" name="ClickOnCheckboxes" time="0.126"/>
  <system-out/>
  <testcase classname="com.selenium.app.AppTest2" name="ClickOnCheckboxes" time="0.080"/>
  <system-out/>
  <testcase classname="com.selenium.app.AppTest2" name="ClickOnCheckboxes" time="0.072"/>
  <system-out/>
  <testcase classname="com.selenium.app.AppTest2" name="ClickOnCheckboxes" time="0.108"/>
  <system-out/>
  <testcase classname="com.selenium.app.AppTest2" name="ClickOnCheckboxes" time="0.093"/>
  <system-out/>
  <testcase classname="com.selenium.app.AppTest2" name="runQuery">
    <skipped/>
  </testcase> <!-- runQuery -->
  <system-out/>
</testsuite> <!-- com.selenium.app.AppTest2 -->
