<?xml version="1.0" encoding="UTF-8"?>
<!-- Generated by org.testng.reporters.JUnitReportReporter -->
<testsuite hostname="bineet" failures="0" tests="12" name="com.selenium.app.AppTest4" time="1.616" errors="0" timestamp="2021-11-01T13:25:13 IST" skipped="1">
  <testcase classname="com.selenium.app.AppTest4" name="ClickOnRadioButtons" time="0.146"/>
  <system-out/>
  <testcase classname="com.selenium.app.AppTest4" name="ClickOnCheckboxes" time="0.123"/>
  <system-out/>
  <testcase classname="com.selenium.app.AppTest4" name="ClickOnCheckboxes" time="0.112"/>
  <system-out/>
  <testcase classname="com.selenium.app.AppTest4" name="ClickOnCheckboxes" time="0.322"/>
  <system-out/>
  <testcase classname="com.selenium.app.AppTest4" name="ClickOnCheckboxes" time="0.148"/>
  <system-out/>
  <testcase classname="com.selenium.app.AppTest4" name="ClickOnCheckboxes" time="0.113"/>
  <system-out/>
  <testcase classname="com.selenium.app.AppTest4" name="ClickOnCheckboxes" time="0.138"/>
  <system-out/>
  <testcase classname="com.selenium.app.AppTest4" name="ClickOnCheckboxes" time="0.151"/>
  <system-out/>
  <testcase classname="com.selenium.app.AppTest4" name="ClickOnCheckboxes" time="0.145"/>
  <system-out/>
  <testcase classname="com.selenium.app.AppTest4" name="ClickOnCheckboxes" time="0.115"/>
  <system-out/>
  <testcase classname="com.selenium.app.AppTest4" name="ClickOnCheckboxes" time="0.103"/>
  <system-out/>
  <testcase classname="com.selenium.app.AppTest4" name="runQuery">
    <skipped/>
  </testcase> <!-- runQuery -->
  <system-out/>
</testsuite> <!-- com.selenium.app.AppTest4 -->
