<?xml version="1.0" encoding="UTF-8"?>
<!-- Generated by org.testng.reporters.JUnitReportReporter -->
<testsuite hostname="bineet" failures="0" tests="12" name="com.selenium.app.AppTest5" time="1.098" errors="0" timestamp="2021-11-01T12:39:06 IST" skipped="1">
  <testcase classname="com.selenium.app.AppTest5" name="ClickOnCheckboxes" time="0.081"/>
  <system-out/>
  <testcase classname="com.selenium.app.AppTest5" name="ClickOnCheckboxes" time="0.083"/>
  <system-out/>
  <testcase classname="com.selenium.app.AppTest5" name="ClickOnCheckboxes" time="0.079"/>
  <system-out/>
  <testcase classname="com.selenium.app.AppTest5" name="ClickOnRadioButtons" time="0.124"/>
  <system-out/>
  <testcase classname="com.selenium.app.AppTest5" name="ClickOnCheckboxes" time="0.089"/>
  <system-out/>
  <testcase classname="com.selenium.app.AppTest5" name="ClickOnCheckboxes" time="0.078"/>
  <system-out/>
  <testcase classname="com.selenium.app.AppTest5" name="ClickOnCheckboxes" time="0.076"/>
  <system-out/>
  <testcase classname="com.selenium.app.AppTest5" name="ClickOnCheckboxes" time="0.078"/>
  <system-out/>
  <testcase classname="com.selenium.app.AppTest5" name="ClickOnCheckboxes" time="0.081"/>
  <system-out/>
  <testcase classname="com.selenium.app.AppTest5" name="ClickOnCheckboxes" time="0.238"/>
  <system-out/>
  <testcase classname="com.selenium.app.AppTest5" name="ClickOnCheckboxes" time="0.091"/>
  <system-out/>
  <testcase classname="com.selenium.app.AppTest5" name="runQuery">
    <skipped/>
  </testcase> <!-- runQuery -->
  <system-out/>
</testsuite> <!-- com.selenium.app.AppTest5 -->
