<?xml version="1.0" encoding="UTF-8"?>
<!-- Generated by org.testng.reporters.JUnitReportReporter -->
<testsuite hostname="bineet" failures="0" tests="12" name="com.selenium.app.AppTest5" time="1.169" errors="0" timestamp="2021-11-01T13:25:13 IST" skipped="1">
  <testcase classname="com.selenium.app.AppTest5" name="ClickOnCheckboxes" time="0.087"/>
  <system-out/>
  <testcase classname="com.selenium.app.AppTest5" name="ClickOnCheckboxes" time="0.260"/>
  <system-out/>
  <testcase classname="com.selenium.app.AppTest5" name="ClickOnCheckboxes" time="0.096"/>
  <system-out/>
  <testcase classname="com.selenium.app.AppTest5" name="ClickOnCheckboxes" time="0.076"/>
  <system-out/>
  <testcase classname="com.selenium.app.AppTest5" name="ClickOnCheckboxes" time="0.115"/>
  <system-out/>
  <testcase classname="com.selenium.app.AppTest5" name="ClickOnCheckboxes" time="0.076"/>
  <system-out/>
  <testcase classname="com.selenium.app.AppTest5" name="ClickOnRadioButtons" time="0.110"/>
  <system-out/>
  <testcase classname="com.selenium.app.AppTest5" name="ClickOnCheckboxes" time="0.083"/>
  <system-out/>
  <testcase classname="com.selenium.app.AppTest5" name="ClickOnCheckboxes" time="0.114"/>
  <system-out/>
  <testcase classname="com.selenium.app.AppTest5" name="ClickOnCheckboxes" time="0.074"/>
  <system-out/>
  <testcase classname="com.selenium.app.AppTest5" name="ClickOnCheckboxes" time="0.078"/>
  <system-out/>
  <testcase classname="com.selenium.app.AppTest5" name="runQuery">
    <skipped/>
  </testcase> <!-- runQuery -->
  <system-out/>
</testsuite> <!-- com.selenium.app.AppTest5 -->
