<?xml version="1.0" encoding="UTF-8"?>
<!-- Generated by org.testng.reporters.JUnitReportReporter -->
<testsuite hostname="bineet" failures="0" tests="12" name="com.selenium.app.AppTest2" time="1.154" errors="0" timestamp="2021-11-01T12:39:06 IST" skipped="1">
  <testcase classname="com.selenium.app.AppTest2" name="ClickOnCheckboxes" time="0.087"/>
  <system-out/>
  <testcase classname="com.selenium.app.AppTest2" name="ClickOnCheckboxes" time="0.082"/>
  <system-out/>
  <testcase classname="com.selenium.app.AppTest2" name="ClickOnCheckboxes" time="0.078"/>
  <system-out/>
  <testcase classname="com.selenium.app.AppTest2" name="ClickOnCheckboxes" time="0.082"/>
  <system-out/>
  <testcase classname="com.selenium.app.AppTest2" name="ClickOnCheckboxes" time="0.251"/>
  <system-out/>
  <testcase classname="com.selenium.app.AppTest2" name="ClickOnCheckboxes" time="0.077"/>
  <system-out/>
  <testcase classname="com.selenium.app.AppTest2" name="ClickOnRadioButtons" time="0.114"/>
  <system-out/>
  <testcase classname="com.selenium.app.AppTest2" name="ClickOnCheckboxes" time="0.075"/>
  <system-out/>
  <testcase classname="com.selenium.app.AppTest2" name="ClickOnCheckboxes" time="0.103"/>
  <system-out/>
  <testcase classname="com.selenium.app.AppTest2" name="ClickOnCheckboxes" time="0.129"/>
  <system-out/>
  <testcase classname="com.selenium.app.AppTest2" name="ClickOnCheckboxes" time="0.076"/>
  <system-out/>
  <testcase classname="com.selenium.app.AppTest2" name="runQuery">
    <skipped/>
  </testcase> <!-- runQuery -->
  <system-out/>
</testsuite> <!-- com.selenium.app.AppTest2 -->
