<?xml version="1.0" encoding="UTF-8"?>
<!-- Generated by org.testng.reporters.JUnitReportReporter -->
<testsuite hostname="LAPTOP-V746OSEM" failures="0" tests="2" name="com.selenium.app.AppTest" time="0.850" errors="0" timestamp="2021-10-09T22:33:33 IST" skipped="0">
  <testcase classname="com.selenium.app.AppTest" name="ClickOnCheckboxes" time="0.446"/>
  <system-out/>
  <testcase classname="com.selenium.app.AppTest" name="ClickOnRadioButtons" time="0.404"/>
  <system-out/>
</testsuite> <!-- com.selenium.app.AppTest -->
