<?xml version="1.0" encoding="UTF-8"?>
<!-- Generated by org.testng.reporters.JUnitReportReporter -->
<testsuite hostname="LAPTOP-V746OSEM" failures="0" tests="2" name="com.selenium.app.AppTest" time="1.107" errors="0" timestamp="2021-10-09T15:48:38 IST" skipped="0">
  <testcase classname="com.selenium.app.AppTest" name="ClickOnCheckboxes" time="0.615"/>
  <system-out/>
  <testcase classname="com.selenium.app.AppTest" name="ClickOnRadioButtons" time="0.492"/>
  <system-out/>
</testsuite> <!-- com.selenium.app.AppTest -->
