<?xml version="1.0" encoding="UTF-8"?>
<!-- Generated by org.testng.reporters.JUnitReportReporter -->
<testsuite hostname="bineet" failures="0" tests="12" name="com.selenium.app.AppTest" time="11.803" errors="0" timestamp="2021-11-01T18:41:33 IST" skipped="1">
  <testcase classname="com.selenium.app.AppTest" name="ClickOnCheckboxes" time="1.081"/>
  <system-out/>
  <testcase classname="com.selenium.app.AppTest" name="ClickOnCheckboxes" time="4.199"/>
  <system-out/>
  <testcase classname="com.selenium.app.AppTest" name="ClickOnRadioButtons" time="1.230"/>
  <system-out/>
  <testcase classname="com.selenium.app.AppTest" name="ClickOnCheckboxes" time="0.395"/>
  <system-out/>
  <testcase classname="com.selenium.app.AppTest" name="ClickOnCheckboxes" time="0.675"/>
  <system-out/>
  <testcase classname="com.selenium.app.AppTest" name="ClickOnCheckboxes" time="0.207"/>
  <system-out/>
  <testcase classname="com.selenium.app.AppTest" name="ClickOnCheckboxes" time="0.491"/>
  <system-out/>
  <testcase classname="com.selenium.app.AppTest" name="ClickOnCheckboxes" time="1.966"/>
  <system-out/>
  <testcase classname="com.selenium.app.AppTest" name="ClickOnCheckboxes" time="0.310"/>
  <system-out/>
  <testcase classname="com.selenium.app.AppTest" name="ClickOnCheckboxes" time="0.583"/>
  <system-out/>
  <testcase classname="com.selenium.app.AppTest" name="ClickOnCheckboxes" time="0.666"/>
  <system-out/>
  <testcase classname="com.selenium.app.AppTest" name="runQuery">
    <skipped/>
  </testcase> <!-- runQuery -->
  <system-out/>
</testsuite> <!-- com.selenium.app.AppTest -->
